<?xml version="1.0" encoding="UTF-8"?>
<!-- Generated by org.testng.reporters.JUnitXMLReporter -->
<testsuite ignored="0" hostname="DESKTOP-IRDUS6I" failures="0" tests="3" name="Error Validation Test" time="42.182" errors="0" timestamp="2023-03-02T23:32:57 IST">
  <testcase classname="Framework.Test.ErrorValidationTest" name="LoginErrorValidation" time="3.063">
    <skipped/>
  </testcase> <!-- LoginErrorValidation -->
  <testcase classname="Framework.Test.ErrorValidationTest" name="LoginErrorValidation" time="1.417"/>
  <testcase classname="Framework.Test.ErrorValidationTest" name="ProductErrorValidation" time="6.284"/>
</testsuite> <!-- Error Validation Test -->
