<?xml version="1.0" encoding="UTF-8"?>
<!-- Generated by org.testng.reporters.JUnitXMLReporter -->
<testsuite ignored="0" hostname="DESKTOP-IRDUS6I" failures="0" tests="3" name="Submit Order Test" time="56.289" errors="0" timestamp="2023-03-02T23:33:09 IST">
  <testcase classname="Framework.Test.SubmitOrderTest" name="submitOrder" time="14.866"/>
  <testcase classname="Framework.Test.SubmitOrderTest" name="submitOrder" time="10.027"/>
  <testcase classname="Framework.Test.SubmitOrderTest" name="OrderHistoryTest" time="1.546"/>
</testsuite> <!-- Submit Order Test -->
