<?xml version="1.0" encoding="UTF-8"?>
<!-- Generated by org.testng.reporters.JUnitXMLReporter -->
<testsuite ignored="0" hostname="DESKTOP-IRDUS6I" failures="0" tests="2" name="Error Validation Test" time="42.227" errors="0" timestamp="2023-03-03T15:12:57 IST">
  <testcase classname="Framework.Test.ErrorValidationTest" name="LoginErrorValidation" time="1.828"/>
  <testcase classname="Framework.Test.ErrorValidationTest" name="ProductErrorValidation" time="5.533"/>
</testsuite> <!-- Error Validation Test -->
