<?xml version="1.0" encoding="UTF-8"?>
<!-- Generated by org.testng.reporters.JUnitXMLReporter -->
<testsuite ignored="0" hostname="DESKTOP-IRDUS6I" failures="0" tests="3" name="Submit Order Test" time="56.046" errors="0" timestamp="2023-03-03T15:13:09 IST">
  <testcase classname="Framework.Test.SubmitOrderTest" name="submitOrder" time="10.128"/>
  <testcase classname="Framework.Test.SubmitOrderTest" name="submitOrder" time="6.67"/>
  <testcase classname="Framework.Test.SubmitOrderTest" name="OrderHistoryTest" time="1.025"/>
</testsuite> <!-- Submit Order Test -->
