<?xml version="1.0" encoding="UTF-8"?>
<!-- Generated by org.testng.reporters.JUnitXMLReporter -->
<testsuite ignored="1" hostname="DESKTOP-IRDUS6I" failures="0" tests="4" name="Car Loan" time="0.039" errors="0" timestamp="2022-12-16T14:58:57 IST">
  <testcase classname="TestNgSelenium.Day3" name="MobileSignincarloan" time="0.002"/>
  <testcase classname="TestNgSelenium.Day3" name="MobileSignoutcarloan" time="0.007"/>
  <testcase classname="TestNgSelenium.Day3" name="Mobilelogincarloan" time="0.002"/>
  <testcase classname="TestNgSelenium.Day3" name="Weblogincarloan" time="0.003"/>
  <testcase classname="TestNgSelenium.Day3" name="Apicarloan" time="0.0">
    <ignored/>
  </testcase> <!-- Apicarloan -->
</testsuite> <!-- Car Loan -->
