<?xml version="1.0" encoding="UTF-8"?>
<!-- Generated by org.testng.reporters.JUnitXMLReporter -->
<testsuite ignored="1" hostname="DESKTOP-IRDUS6I" failures="0" tests="5" name="Personal Loan" time="0.226" errors="0" timestamp="2022-12-16T14:58:56 IST">
  <testcase classname="TestNgSelenium.Day1" name="SecondTest" time="0.027"/>
  <testcase classname="TestNgSelenium.Day2" name="secondtest" time="0.004"/>
  <testcase classname="TestNgSelenium.Day4" name="LoginApiloan" time="0.002"/>
  <testcase classname="TestNgSelenium.Day4" name="Mobileloginload" time="0.007"/>
  <testcase classname="TestNgSelenium.Day4" name="Webloginloan" time="0.004"/>
  <testcase classname="TestNgSelenium.Day1" name="Demo" time="0.0">
    <ignored/>
  </testcase> <!-- Demo -->
</testsuite> <!-- Personal Loan -->
