<?xml version="1.0" encoding="UTF-8"?>
<!-- Generated by org.testng.reporters.JUnitXMLReporter -->
<testsuite ignored="7" hostname="DESKTOP-IRDUS6I" failures="0" tests="4" name="Regression" time="0.231" errors="0" timestamp="2022-12-16T14:17:06 IST">
  <testcase classname="TestNgSelenium.Day2" name="secondtest" time="0.029"/>
  <testcase classname="TestNgSelenium.Day4" name="LoginApiloan" time="0.003"/>
  <testcase classname="TestNgSelenium.Day4" name="Mobileloginload" time="0.005"/>
  <testcase classname="TestNgSelenium.Day3" name="MobileSignoutcarloan" time="0.008"/>
  <testcase classname="TestNgSelenium.Day3" name="MobileSignincarloan" time="0.0">
    <ignored/>
  </testcase> <!-- MobileSignincarloan -->
  <testcase classname="TestNgSelenium.Day3" name="Mobilelogincarloan" time="0.0">
    <ignored/>
  </testcase> <!-- Mobilelogincarloan -->
  <testcase classname="TestNgSelenium.Day1" name="SecondTest" time="0.0">
    <ignored/>
  </testcase> <!-- SecondTest -->
  <testcase classname="TestNgSelenium.Day1" name="Demo" time="0.0">
    <ignored/>
  </testcase> <!-- Demo -->
  <testcase classname="TestNgSelenium.Day3" name="Weblogincarloan" time="0.0">
    <ignored/>
  </testcase> <!-- Weblogincarloan -->
  <testcase classname="TestNgSelenium.Day3" name="Apicarloan" time="0.0">
    <ignored/>
  </testcase> <!-- Apicarloan -->
  <testcase classname="TestNgSelenium.Day4" name="Webloginloan" time="0.0">
    <ignored/>
  </testcase> <!-- Webloginloan -->
</testsuite> <!-- Regression -->
